<?xml version="1.0" encoding="UTF-8"?>
<!-- Generated by org.testng.reporters.JUnitXMLReporter -->
<testsuite hostname="AkikoHomeLT" name="Default test" tests="5" failures="0" timestamp="8 Dec 2016 21:45:42 GMT" time="10.571" errors="0">
  <testcase name="toggleFilterTest" time="0.467" classname="org.akiko.presencelearning.assignment.plpatternlibpage.FirstNameSearchTest"/>
  <testcase name="checkAllCategoryListed" time="0.209" classname="org.akiko.presencelearning.assignment.plpatternlibpage.FirstNameSearchTest"/>
  <testcase name="checkAllCategoryListed" time="0.243" classname="org.akiko.presencelearning.assignment.plpatternlibpage.FirstNameSearchTest"/>
  <testcase name="checkAllCategoryListed" time="0.288" classname="org.akiko.presencelearning.assignment.plpatternlibpage.FirstNameSearchTest"/>
  <testcase name="checkAllCategoryListed" time="0.279" classname="org.akiko.presencelearning.assignment.plpatternlibpage.FirstNameSearchTest"/>
</testsuite> <!-- Default test -->
