<?xml version="1.0" encoding="UTF-8"?>
<testng-results skipped="0" failed="0" total="5" passed="5">
  <reporter-output>
  </reporter-output>
  <suite name="Default suite" duration-ms="10571" started-at="2016-12-08T21:45:32Z" finished-at="2016-12-08T21:45:42Z">
    <groups>
    </groups>
    <test name="Default test" duration-ms="10571" started-at="2016-12-08T21:45:32Z" finished-at="2016-12-08T21:45:42Z">
      <class name="org.akiko.presencelearning.assignment.plpatternlibpage.FirstNameSearchTest">
        <test-method status="PASS" signature="setUp()[pri:0, instance:org.akiko.presencelearning.assignment.plpatternlibpage.FirstNameSearchTest@215a730d]" name="setUp" is-config="true" duration-ms="9062" started-at="2016-12-08T13:45:32Z" finished-at="2016-12-08T13:45:41Z">
          <reporter-output>
          </reporter-output>
        </test-method> <!-- setUp -->
        <test-method status="PASS" signature="toggleFilterTest()[pri:0, instance:org.akiko.presencelearning.assignment.plpatternlibpage.FirstNameSearchTest@215a730d]" name="toggleFilterTest" duration-ms="467" started-at="2016-12-08T13:45:41Z" finished-at="2016-12-08T13:45:41Z">
          <reporter-output>
          </reporter-output>
        </test-method> <!-- toggleFilterTest -->
        <test-method status="PASS" signature="checkAllCategoryListed(java.lang.String)[pri:0, instance:org.akiko.presencelearning.assignment.plpatternlibpage.FirstNameSearchTest@215a730d]" name="checkAllCategoryListed" duration-ms="209" started-at="2016-12-08T13:45:41Z" data-provider="categories" finished-at="2016-12-08T13:45:42Z">
          <params>
            <param index="0">
              <value>
                <![CDATA[First Name]]>
              </value>
            </param>
          </params>
          <reporter-output>
          </reporter-output>
        </test-method> <!-- checkAllCategoryListed -->
        <test-method status="PASS" signature="checkAllCategoryListed(java.lang.String)[pri:0, instance:org.akiko.presencelearning.assignment.plpatternlibpage.FirstNameSearchTest@215a730d]" name="checkAllCategoryListed" duration-ms="243" started-at="2016-12-08T13:45:42Z" data-provider="categories" finished-at="2016-12-08T13:45:42Z">
          <params>
            <param index="0">
              <value>
                <![CDATA[Last Name]]>
              </value>
            </param>
          </params>
          <reporter-output>
          </reporter-output>
        </test-method> <!-- checkAllCategoryListed -->
        <test-method status="PASS" signature="checkAllCategoryListed(java.lang.String)[pri:0, instance:org.akiko.presencelearning.assignment.plpatternlibpage.FirstNameSearchTest@215a730d]" name="checkAllCategoryListed" duration-ms="288" started-at="2016-12-08T13:45:42Z" data-provider="categories" finished-at="2016-12-08T13:45:42Z">
          <params>
            <param index="0">
              <value>
                <![CDATA[Birthdate]]>
              </value>
            </param>
          </params>
          <reporter-output>
          </reporter-output>
        </test-method> <!-- checkAllCategoryListed -->
        <test-method status="PASS" signature="checkAllCategoryListed(java.lang.String)[pri:0, instance:org.akiko.presencelearning.assignment.plpatternlibpage.FirstNameSearchTest@215a730d]" name="checkAllCategoryListed" duration-ms="279" started-at="2016-12-08T13:45:42Z" data-provider="categories" finished-at="2016-12-08T13:45:42Z">
          <params>
            <param index="0">
              <value>
                <![CDATA[Status]]>
              </value>
            </param>
          </params>
          <reporter-output>
          </reporter-output>
        </test-method> <!-- checkAllCategoryListed -->
        <test-method status="PASS" signature="tearDown()[pri:0, instance:org.akiko.presencelearning.assignment.plpatternlibpage.FirstNameSearchTest@215a730d]" name="tearDown" is-config="true" duration-ms="0" started-at="2016-12-08T13:45:42Z" finished-at="2016-12-08T13:45:42Z">
          <reporter-output>
          </reporter-output>
        </test-method> <!-- tearDown -->
      </class> <!-- org.akiko.presencelearning.assignment.plpatternlibpage.FirstNameSearchTest -->
    </test> <!-- Default test -->
  </suite> <!-- Default suite -->
</testng-results>
